{
  "RSpec": {
    "coverage": {
      "/home/italo/projetos/gitlab/campus-code/rental-cars-v2/spec/features/car category/admin_edit_car_category_spec.rb": {
        "lines": [
          1,
          null,
          1,
          1,
          1,
          1,
          null,
          1,
          1,
          1,
          1,
          1,
          1,
          1,
          1,
          1,
          1,
          null,
          1,
          1,
          1,
          1,
          1,
          null,
          1,
          1,
          1,
          null,
          1,
          1,
          1,
          1,
          1,
          1,
          1,
          1,
          1,
          1,
          null,
          1,
          1,
          1,
          1,
          1,
          null,
          null
        ]
      },
      "/home/italo/projetos/gitlab/campus-code/rental-cars-v2/spec/rails_helper.rb": {
        "lines": [
          null,
          1,
          1,
          null,
          1,
          null,
          null,
          1,
          1,
          null,
          null,
          null,
          null,
          null,
          null,
          null,
          null,
          null,
          null,
          null,
          null,
          null,
          null,
          null,
          null,
          null,
          null,
          null,
          null,
          1,
          null,
          0,
          0,
          null,
          1,
          null,
          1,
          null,
          1,
          null,
          null,
          1,
          null,
          null,
          null,
          null,
          1,
          null,
          null,
          null,
          null,
          null,
          null,
          null,
          null,
          null,
          null,
          null,
          null,
          null,
          null,
          1,
          null,
          null,
          1,
          null,
          null,
          null
        ]
      },
      "/home/italo/projetos/gitlab/campus-code/rental-cars-v2/config/environment.rb": {
        "lines": [
          null,
          1,
          null,
          null,
          1
        ]
      },
      "/home/italo/projetos/gitlab/campus-code/rental-cars-v2/config/application.rb": {
        "lines": [
          1,
          null,
          1,
          null,
          1,
          1,
          1,
          1,
          1,
          1,
          1,
          1,
          1,
          null,
          null,
          null,
          null,
          1,
          null,
          1,
          1,
          null,
          1,
          null,
          null,
          null,
          null,
          null,
          null,
          1,
          null,
          1,
          null,
          null,
          1,
          null,
          null
        ]
      },
      "/home/italo/projetos/gitlab/campus-code/rental-cars-v2/config/boot.rb": {
        "lines": [
          1,
          null,
          1,
          1
        ]
      },
      "/home/italo/projetos/gitlab/campus-code/rental-cars-v2/config/environments/test.rb": {
        "lines": [
          1,
          null,
          null,
          null,
          null,
          null,
          null,
          1,
          null,
          null,
          null,
          null,
          1,
          null,
          null,
          1,
          1,
          null,
          null,
          null,
          null,
          1,
          1,
          null,
          null,
          1,
          null,
          null,
          1,
          null,
          null,
          1,
          null,
          1,
          null,
          null,
          null,
          null,
          1,
          null,
          null,
          1,
          null,
          null,
          null,
          null
        ]
      },
      "/home/italo/projetos/gitlab/campus-code/rental-cars-v2/config/initializers/application_controller_renderer.rb": {
        "lines": [
          null,
          null,
          null,
          null,
          null,
          null,
          null,
          null
        ]
      },
      "/home/italo/projetos/gitlab/campus-code/rental-cars-v2/config/initializers/assets.rb": {
        "lines": [
          null,
          null,
          null,
          1,
          null,
          null,
          null,
          null,
          1,
          null,
          null,
          null,
          null,
          null
        ]
      },
      "/home/italo/projetos/gitlab/campus-code/rental-cars-v2/config/initializers/backtrace_silencers.rb": {
        "lines": [
          null,
          null,
          null,
          null,
          null,
          null,
          null
        ]
      },
      "/home/italo/projetos/gitlab/campus-code/rental-cars-v2/config/initializers/content_security_policy.rb": {
        "lines": [
          null,
          null,
          null,
          null,
          null,
          null,
          null,
          null,
          null,
          null,
          null,
          null,
          null,
          null,
          null,
          null,
          null,
          null,
          null,
          null,
          null,
          null,
          null,
          null,
          null
        ]
      },
      "/home/italo/projetos/gitlab/campus-code/rental-cars-v2/config/initializers/cookies_serializer.rb": {
        "lines": [
          null,
          null,
          null,
          null,
          1
        ]
      },
      "/home/italo/projetos/gitlab/campus-code/rental-cars-v2/config/initializers/devise.rb": {
        "lines": [
          null,
          null,
          null,
          null,
          1,
          null,
          null,
          null,
          null,
          null,
          null,
          null,
          null,
          null,
          null,
          null,
          null,
          null,
          null,
          null,
          1,
          null,
          null,
          null,
          null,
          null,
          null,
          null,
          null,
          null,
          null,
          null,
          1,
          null,
          null,
          null,
          null,
          null,
          null,
          null,
          null,
          null,
          null,
          null,
          null,
          null,
          null,
          null,
          null,
          null,
          null,
          null,
          null,
          null,
          1,
          null,
          null,
          null,
          null,
          1,
          null,
          null,
          null,
          null,
          null,
          null,
          null,
          null,
          null,
          null,
          null,
          null,
          null,
          null,
          null,
          null,
          null,
          null,
          null,
          null,
          null,
          null,
          null,
          null,
          null,
          null,
          null,
          null,
          null,
          null,
          1,
          null,
          null,
          null,
          null,
          null,
          null,
          null,
          null,
          null,
          null,
          null,
          null,
          null,
          null,
          null,
          null,
          null,
          null,
          null,
          null,
          null,
          null,
          1,
          null,
          null,
          null,
          null,
          null,
          null,
          null,
          null,
          null,
          null,
          null,
          null,
          null,
          null,
          null,
          null,
          null,
          null,
          null,
          null,
          null,
          null,
          null,
          null,
          null,
          null,
          null,
          null,
          null,
          null,
          null,
          null,
          null,
          1,
          null,
          null,
          null,
          null,
          null,
          null,
          null,
          null,
          null,
          1,
          null,
          null,
          null,
          null,
          null,
          null,
          null,
          null,
          null,
          null,
          1,
          null,
          null,
          null,
          null,
          1,
          null,
          null,
          null,
          null,
          null,
          null,
          null,
          null,
          null,
          null,
          null,
          null,
          null,
          null,
          null,
          null,
          null,
          null,
          null,
          null,
          null,
          null,
          null,
          null,
          null,
          null,
          null,
          null,
          null,
          null,
          null,
          null,
          null,
          null,
          null,
          null,
          null,
          null,
          null,
          null,
          1,
          null,
          null,
          null,
          null,
          null,
          null,
          null,
          null,
          null,
          null,
          null,
          null,
          null,
          null,
          null,
          null,
          null,
          null,
          null,
          null,
          null,
          null,
          null,
          null,
          null,
          null,
          null,
          null,
          null,
          null,
          null,
          null,
          null,
          null,
          null,
          null,
          null,
          null,
          null,
          null,
          null,
          1,
          null,
          null,
          null,
          null,
          null,
          null,
          null,
          null,
          null,
          null,
          null,
          null,
          null,
          null,
          null,
          null,
          null,
          null,
          null,
          null,
          null,
          null,
          null,
          null,
          null,
          null,
          null,
          null,
          null,
          null,
          null,
          null,
          null,
          null,
          null,
          null,
          null,
          null,
          null,
          null,
          null,
          null
        ]
      },
      "/home/italo/projetos/gitlab/campus-code/rental-cars-v2/config/initializers/filter_parameter_logging.rb": {
        "lines": [
          null,
          null,
          null,
          1
        ]
      },
      "/home/italo/projetos/gitlab/campus-code/rental-cars-v2/config/initializers/inflections.rb": {
        "lines": [
          null,
          null,
          null,
          null,
          null,
          null,
          null,
          null,
          null,
          null,
          null,
          null,
          null,
          null,
          null,
          null
        ]
      },
      "/home/italo/projetos/gitlab/campus-code/rental-cars-v2/config/initializers/mime_types.rb": {
        "lines": [
          null,
          null,
          null,
          null
        ]
      },
      "/home/italo/projetos/gitlab/campus-code/rental-cars-v2/config/initializers/wrap_parameters.rb": {
        "lines": [
          null,
          null,
          null,
          null,
          null,
          null,
          1,
          2,
          null,
          null,
          null,
          null,
          null,
          null
        ]
      },
      "/home/italo/projetos/gitlab/campus-code/rental-cars-v2/spec/factories/car_categories.rb": {
        "lines": [
          1,
          1,
          11,
          12,
          12,
          12,
          null,
          null
        ]
      },
      "/home/italo/projetos/gitlab/campus-code/rental-cars-v2/spec/factories/car_models.rb": {
        "lines": [
          1,
          1,
          2,
          5,
          5,
          5,
          1,
          1,
          null,
          null
        ]
      },
      "/home/italo/projetos/gitlab/campus-code/rental-cars-v2/spec/factories/car_rentals.rb": {
        "lines": [
          1,
          1,
          1,
          1,
          1,
          1,
          1,
          null,
          null
        ]
      },
      "/home/italo/projetos/gitlab/campus-code/rental-cars-v2/spec/factories/cars.rb": {
        "lines": [
          1,
          1,
          2,
          2,
          1,
          4,
          1,
          3,
          null,
          null
        ]
      },
      "/home/italo/projetos/gitlab/campus-code/rental-cars-v2/spec/factories/clients.rb": {
        "lines": [
          1,
          1,
          1,
          1,
          1,
          null,
          null
        ]
      },
      "/home/italo/projetos/gitlab/campus-code/rental-cars-v2/spec/factories/manufacturers.rb": {
        "lines": [
          1,
          1,
          12,
          null,
          null
        ]
      },
      "/home/italo/projetos/gitlab/campus-code/rental-cars-v2/spec/factories/rentals.rb": {
        "lines": [
          1,
          1,
          3,
          1,
          1,
          1,
          1,
          1,
          3,
          null,
          null
        ]
      },
      "/home/italo/projetos/gitlab/campus-code/rental-cars-v2/spec/factories/subsidiaries.rb": {
        "lines": [
          1,
          1,
          4,
          4,
          5,
          null,
          null
        ]
      },
      "/home/italo/projetos/gitlab/campus-code/rental-cars-v2/spec/factories/users.rb": {
        "lines": [
          1,
          1,
          45,
          45,
          null,
          null
        ]
      },
      "/home/italo/projetos/gitlab/campus-code/rental-cars-v2/config/routes.rb": {
        "lines": [
          1,
          1,
          null,
          1,
          1,
          1,
          1,
          1,
          1,
          1,
          1,
          1,
          1,
          null,
          null,
          1,
          1,
          null,
          1,
          1,
          1,
          1,
          null,
          1,
          null,
          null,
          null
        ]
      },
      "/home/italo/projetos/gitlab/campus-code/rental-cars-v2/app/models/user.rb": {
        "lines": [
          1,
          null,
          null,
          1,
          null,
          null,
          1,
          0,
          null,
          null
        ]
      },
      "/home/italo/projetos/gitlab/campus-code/rental-cars-v2/app/models/application_record.rb": {
        "lines": [
          1,
          1,
          null
        ]
      },
      "/home/italo/projetos/gitlab/campus-code/rental-cars-v2/app/helpers/application_helper.rb": {
        "lines": [
          1,
          null
        ]
      },
      "/home/italo/projetos/gitlab/campus-code/rental-cars-v2/spec/features/car category/admin_register_car_category_spec.rb": {
        "lines": [
          1,
          null,
          1,
          1,
          1,
          1,
          1,
          null,
          1,
          1,
          1,
          1,
          1,
          1,
          1,
          null,
          1,
          1,
          1,
          1,
          1,
          null,
          null,
          1,
          1,
          1,
          1,
          null,
          1,
          1,
          1,
          1,
          1,
          1,
          1,
          null,
          1,
          1,
          1,
          1,
          1,
          null,
          1,
          1,
          1,
          1,
          1,
          null,
          1,
          1,
          1,
          1,
          1,
          1,
          1,
          null,
          1,
          1,
          null,
          null
        ]
      },
      "/home/italo/projetos/gitlab/campus-code/rental-cars-v2/spec/features/car category/admin_view_car_category_spec.rb": {
        "lines": [
          1,
          null,
          1,
          1,
          1,
          1,
          1,
          1,
          1,
          1,
          null,
          1,
          null,
          1,
          1,
          1,
          1,
          1,
          1,
          1,
          1,
          1,
          1,
          1,
          1,
          1,
          null,
          null,
          1,
          1,
          1,
          1,
          1,
          null,
          1,
          1,
          null,
          1,
          1,
          1,
          1,
          1,
          null,
          null
        ]
      },
      "/home/italo/projetos/gitlab/campus-code/rental-cars-v2/spec/features/car model/admin_edit_car_model_spec.rb": {
        "lines": [
          1,
          null,
          1,
          1,
          1,
          1,
          1,
          1,
          1,
          1,
          null,
          1,
          1,
          1,
          1,
          1,
          1,
          1,
          1,
          1,
          1,
          null,
          1,
          1,
          1,
          1,
          1,
          1,
          null,
          null
        ]
      },
      "/home/italo/projetos/gitlab/campus-code/rental-cars-v2/spec/features/car model/admin_register_car_model_spec.rb": {
        "lines": [
          1,
          null,
          1,
          1,
          1,
          1,
          1,
          1,
          1,
          null,
          1,
          1,
          1,
          1,
          1,
          1,
          1,
          1,
          1,
          null,
          1,
          1,
          1,
          1,
          1,
          1,
          null,
          1,
          1,
          1,
          1,
          1,
          1,
          null,
          1,
          1,
          1,
          1,
          1,
          1,
          1,
          1,
          1,
          null,
          1,
          1,
          1,
          1,
          1,
          null,
          null
        ]
      },
      "/home/italo/projetos/gitlab/campus-code/rental-cars-v2/spec/features/car model/admin_view_car_model_spec.rb": {
        "lines": [
          1,
          null,
          1,
          1,
          1,
          1,
          1,
          1,
          1,
          1,
          1,
          null,
          1,
          null,
          1,
          1,
          1,
          1,
          1,
          1,
          1,
          1,
          1,
          null,
          null,
          1,
          1,
          1,
          1,
          1,
          1,
          1,
          1,
          null,
          1,
          1,
          null,
          1,
          1,
          1,
          1,
          1,
          1,
          1,
          1,
          null,
          null
        ]
      },
      "/home/italo/projetos/gitlab/campus-code/rental-cars-v2/spec/features/car/admin_register_car_spec.rb": {
        "lines": [
          1,
          null,
          1,
          1,
          1,
          1,
          1,
          null,
          1,
          1,
          1,
          1,
          1,
          1,
          1,
          1,
          1,
          1,
          null,
          1,
          1,
          1,
          1,
          1,
          null,
          null
        ]
      },
      "/home/italo/projetos/gitlab/campus-code/rental-cars-v2/spec/features/car/user_edit_car_spec.rb": {
        "lines": [
          1,
          null,
          1,
          1,
          1,
          1,
          1,
          1,
          1,
          1,
          null,
          1,
          1,
          1,
          1,
          1,
          1,
          1,
          1,
          1,
          1,
          1,
          null,
          1,
          1,
          1,
          1,
          1,
          null,
          null
        ]
      },
      "/home/italo/projetos/gitlab/campus-code/rental-cars-v2/spec/features/car/user_view_cars_spec.rb": {
        "lines": [
          1,
          null,
          1,
          1,
          1,
          1,
          1,
          1,
          1,
          1,
          1,
          1,
          1,
          null,
          1,
          1,
          1,
          null,
          1,
          1,
          1,
          1,
          1,
          null,
          1,
          1,
          1,
          1,
          1,
          null,
          null
        ]
      },
      "/home/italo/projetos/gitlab/campus-code/rental-cars-v2/spec/features/clients/admin_edit_client_spec.rb": {
        "lines": [
          1,
          null,
          1,
          1,
          1,
          1,
          1,
          1,
          null,
          1,
          1,
          1,
          1,
          1,
          1,
          1,
          null,
          1,
          1,
          1,
          1,
          null,
          1,
          1,
          1,
          1,
          1,
          null,
          1,
          1,
          1,
          1,
          1,
          1,
          1,
          null,
          1,
          1,
          1,
          1,
          null,
          null
        ]
      },
      "/home/italo/projetos/gitlab/campus-code/rental-cars-v2/spec/features/clients/admin_register_client_spec.rb": {
        "lines": [
          1,
          null,
          1,
          1,
          1,
          1,
          1,
          null,
          1,
          1,
          1,
          1,
          1,
          1,
          null,
          1,
          1,
          1,
          1,
          null,
          null,
          1,
          1,
          1,
          1,
          null,
          1,
          1,
          1,
          1,
          1,
          1,
          null,
          1,
          1,
          1,
          1,
          null,
          1,
          1,
          1,
          1,
          1,
          null,
          1,
          1,
          1,
          1,
          1,
          1,
          null,
          1,
          1,
          1,
          null,
          null
        ]
      },
      "/home/italo/projetos/gitlab/campus-code/rental-cars-v2/spec/features/clients/admin_view_clients_spec.rb": {
        "lines": [
          1,
          null,
          1,
          1,
          1,
          1,
          1,
          1,
          1,
          null,
          1,
          null,
          1,
          1,
          1,
          1,
          1,
          1,
          1,
          null,
          1,
          1,
          1,
          1,
          1,
          1,
          null,
          1,
          1,
          null,
          1,
          1,
          1,
          1,
          1,
          1,
          1,
          null,
          null
        ]
      },
      "/home/italo/projetos/gitlab/campus-code/rental-cars-v2/spec/features/manufacturer/admin_edit_manufacturer_spec.rb": {
        "lines": [
          1,
          null,
          1,
          1,
          1,
          1,
          1,
          1,
          1,
          null,
          1,
          1,
          1,
          1,
          1,
          null,
          1,
          1,
          1,
          null,
          null,
          1,
          1,
          1,
          1,
          1,
          null,
          1,
          1,
          1,
          1,
          1,
          null,
          1,
          1,
          null,
          null
        ]
      },
      "/home/italo/projetos/gitlab/campus-code/rental-cars-v2/spec/features/manufacturer/admin_register_manufacturer_spec.rb": {
        "lines": [
          1,
          null,
          1,
          1,
          1,
          1,
          1,
          null,
          1,
          1,
          1,
          1,
          null,
          1,
          1,
          null,
          null,
          1,
          1,
          1,
          1,
          1,
          null,
          1,
          1,
          1,
          1,
          null,
          1,
          1,
          null,
          1,
          1,
          1,
          1,
          1,
          null,
          1,
          1,
          1,
          1,
          null,
          1,
          1,
          null,
          null
        ]
      },
      "/home/italo/projetos/gitlab/campus-code/rental-cars-v2/spec/features/manufacturer/admin_view_manufacturers_spec.rb": {
        "lines": [
          1,
          null,
          1,
          1,
          1,
          1,
          1,
          1,
          1,
          1,
          null,
          1,
          null,
          1,
          1,
          1,
          1,
          null,
          null,
          1,
          1,
          1,
          1,
          1,
          1,
          1,
          null,
          1,
          1,
          null,
          1,
          1,
          null,
          null
        ]
      },
      "/home/italo/projetos/gitlab/campus-code/rental-cars-v2/spec/features/rental/admin_schedule_rental_spec.rb": {
        "lines": [
          1,
          null,
          1,
          1,
          1,
          1,
          1,
          1,
          1,
          1,
          1,
          1,
          1,
          null,
          1,
          1,
          1,
          1,
          1,
          1,
          1,
          null,
          1,
          1,
          1,
          1,
          1,
          1,
          1,
          null,
          null,
          1,
          1,
          1,
          1,
          1,
          1,
          1,
          1,
          1,
          1,
          null,
          1,
          1,
          1,
          1,
          1,
          1,
          1,
          null,
          1,
          null,
          null
        ]
      },
      "/home/italo/projetos/gitlab/campus-code/rental-cars-v2/spec/features/rental/admin_search_rental_spec.rb": {
        "lines": [
          1,
          null,
          1,
          1,
          1,
          1,
          1,
          1,
          1,
          1,
          1,
          1,
          1,
          1,
          null,
          1,
          1,
          1,
          1,
          1,
          1,
          1,
          1,
          1,
          1,
          1,
          1,
          null,
          1,
          1,
          null,
          null
        ]
      },
      "/home/italo/projetos/gitlab/campus-code/rental-cars-v2/spec/features/rental/user_starts_rental_spec.rb": {
        "lines": [
          1,
          null,
          1,
          1,
          1,
          1,
          1,
          1,
          1,
          1,
          1,
          1,
          1,
          1,
          1,
          null,
          1,
          1,
          1,
          1,
          1,
          1,
          1,
          1,
          1,
          1,
          null,
          null,
          1,
          null,
          null
        ]
      },
      "/home/italo/projetos/gitlab/campus-code/rental-cars-v2/spec/features/subsidiary/admin_edit_subsidiary_spec.rb": {
        "lines": [
          1,
          null,
          1,
          1,
          1,
          1,
          1,
          1,
          null,
          1,
          1,
          1,
          1,
          1,
          null,
          1,
          1,
          1,
          1,
          null,
          null,
          1,
          1,
          1,
          1,
          1,
          null,
          1,
          1,
          1,
          1,
          1,
          1,
          1,
          null,
          1,
          1,
          1,
          1,
          null,
          1,
          1,
          1,
          1,
          1,
          null,
          1,
          1,
          1,
          1,
          1,
          1,
          1,
          null,
          1,
          1,
          null,
          null
        ]
      },
      "/home/italo/projetos/gitlab/campus-code/rental-cars-v2/spec/features/subsidiary/admin_register_subsidiary_spec.rb": {
        "lines": [
          1,
          null,
          1,
          1,
          1,
          1,
          1,
          null,
          null,
          1,
          1,
          1,
          1,
          1,
          1,
          null,
          1,
          1,
          1,
          1,
          null,
          1,
          1,
          1,
          1,
          null,
          1,
          1,
          1,
          1,
          1,
          1,
          null,
          1,
          1,
          1,
          1,
          null,
          1,
          1,
          1,
          1,
          1,
          null,
          null,
          1,
          1,
          1,
          1,
          1,
          1,
          null,
          1,
          1,
          1,
          null,
          1,
          1,
          1,
          1,
          null,
          1,
          1,
          1,
          1,
          1,
          1,
          null,
          1,
          1,
          null,
          null
        ]
      },
      "/home/italo/projetos/gitlab/campus-code/rental-cars-v2/spec/features/subsidiary/admin_view_subsidiary_spec.rb": {
        "lines": [
          1,
          null,
          1,
          1,
          1,
          1,
          1,
          1,
          1,
          1,
          null,
          1,
          null,
          1,
          1,
          1,
          1,
          1,
          1,
          1,
          1,
          1,
          1,
          null,
          null,
          1,
          1,
          1,
          1,
          1,
          1,
          null,
          1,
          1,
          null,
          1,
          1,
          1,
          1,
          1,
          1,
          1,
          null,
          null
        ]
      },
      "/home/italo/projetos/gitlab/campus-code/rental-cars-v2/spec/features/user/user_sign_in_spec.rb": {
        "lines": [
          1,
          null,
          1,
          1,
          1,
          1,
          1,
          null,
          1,
          1,
          1,
          1,
          null,
          null,
          1,
          1,
          1,
          1,
          1,
          null,
          null,
          1,
          1,
          1,
          1,
          null,
          1,
          1,
          1,
          1,
          null,
          1,
          null,
          1,
          1,
          1,
          1,
          null,
          null
        ]
      },
      "/home/italo/projetos/gitlab/campus-code/rental-cars-v2/spec/features/user/visitor_open_home_page_spec.rb": {
        "lines": [
          1,
          null,
          1,
          1,
          1,
          null,
          1,
          1,
          null,
          null
        ]
      },
      "/home/italo/projetos/gitlab/campus-code/rental-cars-v2/spec/models/rental_spec.rb": {
        "lines": [
          1,
          null,
          1,
          1,
          1,
          1,
          null,
          1,
          null,
          1,
          null,
          null,
          null,
          1,
          1,
          null,
          1,
          null,
          1,
          null,
          1,
          null,
          null,
          null
        ]
      },
      "/home/italo/projetos/gitlab/campus-code/rental-cars-v2/app/models/rental.rb": {
        "lines": [
          1,
          1,
          1,
          1,
          null,
          1,
          1,
          1,
          null,
          1,
          null,
          1,
          null,
          1,
          10,
          null,
          null,
          1,
          10,
          null,
          null,
          1,
          10,
          null,
          2,
          null,
          null,
          1,
          10,
          null,
          null,
          null,
          null,
          null,
          null,
          1,
          10,
          null,
          null,
          null,
          null,
          1,
          10,
          null,
          null
        ]
      },
      "/home/italo/projetos/gitlab/campus-code/rental-cars-v2/spec/requests/car_managment_spec.rb": {
        "lines": [
          1,
          null,
          1,
          1,
          1,
          1,
          1,
          1,
          1,
          1,
          null,
          1,
          1,
          null,
          1,
          1,
          1,
          1,
          1,
          null,
          null,
          1,
          1,
          1,
          1,
          1,
          1,
          1,
          1,
          1,
          1,
          null,
          null,
          1,
          1,
          null,
          1,
          1,
          null,
          1,
          1,
          1,
          1,
          null,
          1,
          1,
          1,
          1,
          null,
          1,
          1,
          1,
          1,
          null,
          null,
          null,
          1,
          1,
          1,
          1,
          1,
          1,
          1,
          null,
          1,
          null,
          1,
          null,
          null,
          1,
          1,
          1,
          1,
          1,
          null,
          null,
          null,
          1,
          1,
          1,
          1,
          1,
          1,
          1,
          null,
          1,
          null,
          1,
          null,
          1,
          1,
          null,
          null,
          null
        ]
      },
      "/home/italo/projetos/gitlab/campus-code/rental-cars-v2/spec/requests/rental_management_spec.rb": {
        "lines": [
          1,
          null,
          1,
          1,
          1,
          1,
          1,
          1,
          null,
          1,
          null,
          1,
          null,
          null,
          1,
          1,
          null,
          1,
          null,
          null,
          null,
          1,
          null,
          null,
          null
        ]
      },
      "/home/italo/projetos/gitlab/campus-code/rental-cars-v2/app/models/car_category.rb": {
        "lines": [
          1,
          1,
          1,
          null,
          1,
          1,
          1,
          1,
          null,
          1,
          1,
          null,
          null
        ]
      },
      "/home/italo/projetos/gitlab/campus-code/rental-cars-v2/app/controllers/home_controller.rb": {
        "lines": [
          1,
          1,
          null
        ]
      },
      "/home/italo/projetos/gitlab/campus-code/rental-cars-v2/app/controllers/application_controller.rb": {
        "lines": [
          1,
          null
        ]
      },
      "/home/italo/projetos/gitlab/campus-code/rental-cars-v2/app/controllers/car_categories_controller.rb": {
        "lines": [
          1,
          1,
          1,
          null,
          1,
          7,
          null,
          null,
          1,
          null,
          1,
          3,
          null,
          null,
          1,
          null,
          1,
          3,
          3,
          1,
          null,
          2,
          null,
          null,
          null,
          1,
          2,
          1,
          null,
          1,
          null,
          null,
          null,
          1,
          0,
          0,
          null,
          null,
          1,
          null,
          1,
          5,
          null,
          null,
          1,
          9,
          null,
          null
        ]
      },
      "/home/italo/projetos/gitlab/campus-code/rental-cars-v2/app/models/manufacturer.rb": {
        "lines": [
          1,
          1,
          null
        ]
      },
      "/home/italo/projetos/gitlab/campus-code/rental-cars-v2/app/models/car_model.rb": {
        "lines": [
          1,
          1,
          1,
          1,
          null,
          1,
          1,
          1,
          1,
          null
        ]
      },
      "/home/italo/projetos/gitlab/campus-code/rental-cars-v2/app/controllers/car_models_controller.rb": {
        "lines": [
          1,
          1,
          1,
          1,
          1,
          null,
          1,
          5,
          null,
          null,
          1,
          null,
          1,
          2,
          null,
          null,
          1,
          null,
          1,
          2,
          2,
          1,
          null,
          1,
          null,
          null,
          null,
          1,
          1,
          1,
          null,
          0,
          null,
          null,
          null,
          1,
          0,
          0,
          null,
          null,
          1,
          null,
          1,
          3,
          null,
          null,
          1,
          6,
          null,
          null,
          1,
          6,
          null,
          null,
          1,
          6,
          null,
          null
        ]
      },
      "/home/italo/projetos/gitlab/campus-code/rental-cars-v2/app/models/subsidiary.rb": {
        "lines": [
          1,
          1,
          1,
          1,
          1,
          null,
          1,
          null,
          1,
          30,
          30,
          30,
          28,
          420,
          28,
          28,
          28,
          28,
          26,
          26,
          26,
          26,
          null,
          null,
          null,
          4,
          null,
          null
        ]
      },
      "/home/italo/projetos/gitlab/campus-code/rental-cars-v2/app/controllers/cars_controller.rb": {
        "lines": [
          1,
          1,
          3,
          null,
          null,
          1,
          3,
          null,
          null,
          1,
          1,
          1,
          1,
          null,
          null,
          1,
          1,
          1,
          1,
          null,
          null,
          1,
          1,
          1,
          1,
          1,
          1,
          1,
          null,
          null,
          1,
          1,
          1,
          1,
          1,
          1,
          1,
          null,
          null,
          1,
          0,
          0,
          0,
          null,
          null,
          1,
          null,
          1,
          2,
          null,
          null
        ]
      },
      "/home/italo/projetos/gitlab/campus-code/rental-cars-v2/app/models/car.rb": {
        "lines": [
          1,
          1,
          1,
          1,
          null,
          1,
          2,
          null,
          null
        ]
      },
      "/home/italo/projetos/gitlab/campus-code/rental-cars-v2/app/models/client.rb": {
        "lines": [
          1,
          1,
          1,
          1,
          null,
          1,
          5,
          null,
          null
        ]
      },
      "/home/italo/projetos/gitlab/campus-code/rental-cars-v2/app/controllers/clients_controller.rb": {
        "lines": [
          1,
          1,
          1,
          null,
          1,
          7,
          null,
          null,
          1,
          null,
          1,
          3,
          null,
          null,
          1,
          null,
          1,
          3,
          3,
          1,
          null,
          2,
          null,
          null,
          null,
          1,
          2,
          1,
          null,
          1,
          null,
          null,
          null,
          1,
          0,
          0,
          null,
          null,
          1,
          null,
          1,
          5,
          null,
          null,
          1,
          9,
          null,
          null
        ]
      },
      "/home/italo/projetos/gitlab/campus-code/rental-cars-v2/app/controllers/manufacturers_controller.rb": {
        "lines": [
          1,
          1,
          1,
          null,
          1,
          7,
          null,
          null,
          1,
          null,
          1,
          3,
          null,
          null,
          1,
          null,
          1,
          3,
          3,
          1,
          null,
          2,
          null,
          null,
          null,
          1,
          2,
          1,
          null,
          1,
          null,
          null,
          null,
          1,
          0,
          0,
          null,
          null,
          1,
          null,
          1,
          5,
          null,
          null,
          1,
          9,
          null,
          null
        ]
      },
      "/home/italo/projetos/gitlab/campus-code/rental-cars-v2/app/controllers/rentals_controller.rb": {
        "lines": [
          1,
          1,
          1,
          null,
          1,
          5,
          null,
          null,
          1,
          1,
          1,
          null,
          null,
          1,
          3,
          null,
          null,
          1,
          4,
          null,
          null,
          1,
          4,
          4,
          4,
          4,
          3,
          null,
          1,
          null,
          null,
          null,
          1,
          0,
          0,
          0,
          null,
          null,
          1,
          1,
          1,
          null,
          null,
          null,
          1,
          1,
          1,
          1,
          1,
          1,
          null,
          null,
          null,
          1,
          null,
          null,
          1,
          null,
          1,
          4,
          null,
          null,
          1,
          8,
          8,
          null,
          null
        ]
      },
      "/home/italo/projetos/gitlab/campus-code/rental-cars-v2/app/models/car_rental.rb": {
        "lines": [
          1,
          1,
          1,
          null
        ]
      },
      "/home/italo/projetos/gitlab/campus-code/rental-cars-v2/app/controllers/car_rentals_controller.rb": {
        "lines": [
          1,
          1,
          0,
          null,
          null,
          1,
          1,
          null,
          null
        ]
      },
      "/home/italo/projetos/gitlab/campus-code/rental-cars-v2/app/controllers/subsidiaries_controller.rb": {
        "lines": [
          1,
          1,
          1,
          null,
          1,
          9,
          null,
          null,
          1,
          null,
          1,
          4,
          null,
          null,
          1,
          null,
          1,
          4,
          4,
          1,
          null,
          3,
          null,
          null,
          null,
          1,
          3,
          1,
          null,
          2,
          null,
          null,
          null,
          1,
          0,
          0,
          null,
          null,
          1,
          null,
          1,
          7,
          null,
          null,
          1,
          12,
          null,
          null
        ]
      },
      "/home/italo/projetos/gitlab/campus-code/rental-cars-v2/app/controllers/api/v1/cars_controller.rb": {
        "lines": [
          1,
          1,
          1,
          1,
          null,
          null,
          1,
          1,
          1,
          null,
          null,
          1,
          1,
          1,
          null,
          null,
          1,
          1,
          1,
          null,
          1,
          null,
          null,
          null,
          1,
          null,
          1,
          1,
          null,
          null
        ]
      },
      "/home/italo/projetos/gitlab/campus-code/rental-cars-v2/app/controllers/api/v1/api_controller.rb": {
        "lines": [
          1,
          null
        ]
      },
      "/home/italo/projetos/gitlab/campus-code/rental-cars-v2/app/controllers/api/v1/rentals_controller.rb": {
        "lines": [
          1,
          1,
          1,
          1,
          null,
          null,
          1,
          null,
          1,
          1,
          null,
          null
        ]
      }
    },
    "timestamp": 1580778040
  }
}
